<?xml version="1.0" encoding="UTF-8"?>
<robot generator="Robot 6.1 (Python 3.11.5 on win32)" generated="20231031 13:59:31.793" rpa="false" schemaversion="4">
<suite id="s1" name="RegistrationPageTest" source="C:\Users\hp\PycharmProjects\Testpractice\Testpages\RegistrationPageTest.robot">
<test id="s1-t1" name="Assignment7" line="18">
<kw name="Open Browser" library="SeleniumLibrary">
<arg>${url}</arg>
<arg>${browser}</arg>
<doc>Opens a new browser instance to the optional ``url``.</doc>
<msg timestamp="20231031 13:59:33.547" level="INFO">Opening browser 'Firefox' to base url 'https://uat-app.aithentic.com/'.</msg>
<msg timestamp="20231031 13:59:33.561" level="INFO">Applicable driver not found; attempting to install with Selenium Manager (Beta)</msg>
<status status="PASS" starttime="20231031 13:59:33.546" endtime="20231031 13:59:50.056"/>
</kw>
<kw name="Maximize Browser Window" library="SeleniumLibrary">
<doc>Maximizes current browser window.</doc>
<status status="PASS" starttime="20231031 13:59:50.058" endtime="20231031 13:59:50.075"/>
</kw>
<kw name="Click on Login" library="Technology">
<arg>Register</arg>
<kw name="Wait Until Element Is Visible" library="SeleniumLibrary">
<arg>xpath://a[normalize-space()='${options}']</arg>
<arg>60</arg>
<doc>Waits until the element ``locator`` is visible.</doc>
<status status="PASS" starttime="20231031 13:59:50.078" endtime="20231031 13:59:50.177"/>
</kw>
<kw name="Click Element" library="SeleniumLibrary">
<arg>xpath://a[normalize-space()='${options}']</arg>
<doc>Click the element identified by ``locator``.</doc>
<msg timestamp="20231031 13:59:50.180" level="INFO">Clicking element 'xpath://a[normalize-space()='Register']'.</msg>
<status status="PASS" starttime="20231031 13:59:50.178" endtime="20231031 13:59:53.445"/>
</kw>
<status status="PASS" starttime="20231031 13:59:50.077" endtime="20231031 13:59:53.445"/>
</kw>
<kw name="Fetch the refresh token from the login api" library="LoginAPI">
<kw name="Create Dictionary" library="BuiltIn">
<var>${body}</var>
<arg>Email=${email}</arg>
<arg>Password=${password}</arg>
<doc>Creates and returns a dictionary based on the given ``items``.</doc>
<msg timestamp="20231031 13:59:53.453" level="INFO">${body} = {'Email': 'jasdeep@azeqsd.fr.nf', 'Password': 'Test@123'}</msg>
<status status="PASS" starttime="20231031 13:59:53.451" endtime="20231031 13:59:53.453"/>
</kw>
<kw name="POST" library="RequestsLibrary">
<var>${response}</var>
<arg>${apiURL}/login</arg>
<arg>json=${body}</arg>
<arg>expected_status=200</arg>
<doc>Sends a POST request.</doc>
<msg timestamp="20231031 13:59:58.364" level="INFO">POST Request : url=https://uat-api.aithentic.com/api/v1/login 
 path_url=/api/v1/login 
 headers={'User-Agent': 'python-requests/2.22.0', 'Accept-Encoding': 'gzip, deflate', 'Accept': '*/*', 'Connection': 'keep-alive', 'Content-Length': '57', 'Content-Type': 'application/json'} 
 body=b'{"Email": "jasdeep@azeqsd.fr.nf", "Password": "Test@123"}' 
 </msg>
<msg timestamp="20231031 13:59:58.364" level="INFO">POST Response : url=https://uat-api.aithentic.com/api/v1/login 
 status=200, reason=OK 
 headers={'Date': 'Tue, 31 Oct 2023 08:29:35 GMT', 'Server': 'Apache/2.4.41 (Ubuntu)', 'Cache-Control': 'no-cache, private', 'X-RateLimit-Limit': '500', 'X-RateLimit-Remaining': '498', 'Access-Control-Allow-Origin': '*', 'Keep-Alive': 'timeout=5, max=100', 'Connection': 'Keep-Alive', 'Transfer-Encoding': 'chunked', 'Content-Type': 'application/json'} 
 body={"status":true,"execution_time":"0.082956075668335","content_size":57,"status_code":200,"data":{"access_token":"eyJ0eXAiOiJKV1QiLCJhbGciOiJIUzI1NiJ9.eyJzZXRDbGFpbXMiOnsiQ2xpZW50U3RhdHVzIjoiQWN0aXZlIn0sImlzcyI6Imh0dHBzOi8vdWF0LWFwaS5haXRoZW50aWMuY29tL2FwaS92MS9sb2dpbiIsImlhdCI6MTY5ODc0MDk3NSwiZXhwIjoxNjk4NzQyMTc1LCJuYmYiOjE2OTg3NDA5NzUsImp0aSI6IlVuOFFwNWNyMnJjYUlRWEIiLCJzdWIiOiI2NjMiLCJwcnYiOiJiOTEyNzk5NzhmMTFhYTdiYzU2NzA0ODdmZmYwMWUyMjgyNTNmZTQ4In0.HmtSxfJMfDb4YKPnf7PTP-QGBh6epM3XTmN7Jz_wlvk","token_type":"bearer","expires_in":20,"emailEnabled":0,"phoneEnabled":0,"refreshToken":"eyJ0eXAiOiJKV1QiLCJhbGciOiJIUzI1NiJ9.eyJzZXRDbGFpbXMiOnsiQ2xpZW50U3RhdHVzIjoiQWN0aXZlIn0sImlzcyI6Imh0dHBzOi8vdWF0LWFwaS5haXRoZW50aWMuY29tL2FwaS92MS9sb2dpbiIsImlhdCI6MTY5ODc0MDk3NSwiZXhwIjoxNjk5MTcyOTc1LCJuYmYiOjE2OTg3NDA5NzUsImp0aSI6IlhIVHozdWYwdlNPblkyQXYiLCJzdWIiOiI2NjMiLCJwcnYiOiJiOTEyNzk5NzhmMTFhYTdiYzU2NzA0ODdmZmYwMWUyMjgyNTNmZTQ4In0.rLYaIiH-LXln8izX_3h1TGkq6pRF36fAN-THeL-YKjM"},"message":"You are logged In successfully."} 
 </msg>
<msg timestamp="20231031 13:59:58.365" level="INFO">${response} = &lt;Response [200]&gt;</msg>
<status status="PASS" starttime="20231031 13:59:53.453" endtime="20231031 13:59:58.365"/>
</kw>
<kw name="Dictionary Should Contain Key" library="Collections">
<arg>${response.json()}</arg>
<arg>data</arg>
<doc>Fails if ``key`` is not found from ``dictionary``.</doc>
<status status="PASS" starttime="20231031 13:59:58.366" endtime="20231031 13:59:58.368"/>
</kw>
<kw name="Get From Dictionary" library="Collections">
<var>${dataList}</var>
<arg>${response.json()}</arg>
<arg>data</arg>
<doc>Returns a value from the given ``dictionary`` based on the given ``key``.</doc>
<msg timestamp="20231031 13:59:58.371" level="INFO">${dataList} = {'access_token': 'eyJ0eXAiOiJKV1QiLCJhbGciOiJIUzI1NiJ9.eyJzZXRDbGFpbXMiOnsiQ2xpZW50U3RhdHVzIjoiQWN0aXZlIn0sImlzcyI6Imh0dHBzOi8vdWF0LWFwaS5haXRoZW50aWMuY29tL2FwaS92MS9sb2dpbiIsImlhdCI6MTY5ODc0MDk3NSwiZ...</msg>
<status status="PASS" starttime="20231031 13:59:58.369" endtime="20231031 13:59:58.371"/>
</kw>
<kw name="Get From Dictionary" library="Collections">
<var>${refresh_Token}</var>
<arg>${dataList}</arg>
<arg>refreshToken</arg>
<doc>Returns a value from the given ``dictionary`` based on the given ``key``.</doc>
<msg timestamp="20231031 13:59:58.373" level="INFO">${refresh_Token} = eyJ0eXAiOiJKV1QiLCJhbGciOiJIUzI1NiJ9.eyJzZXRDbGFpbXMiOnsiQ2xpZW50U3RhdHVzIjoiQWN0aXZlIn0sImlzcyI6Imh0dHBzOi8vdWF0LWFwaS5haXRoZW50aWMuY29tL2FwaS92MS9sb2dpbiIsImlhdCI6MTY5ODc0MDk3NSwiZXhwIjoxNjk5MTcyOTc...</msg>
<status status="PASS" starttime="20231031 13:59:58.372" endtime="20231031 13:59:58.373"/>
</kw>
<kw name="Get From Dictionary" library="Collections">
<var>${access_Token}</var>
<arg>${dataList}</arg>
<arg>access_token</arg>
<doc>Returns a value from the given ``dictionary`` based on the given ``key``.</doc>
<msg timestamp="20231031 13:59:58.374" level="INFO">${access_Token} = eyJ0eXAiOiJKV1QiLCJhbGciOiJIUzI1NiJ9.eyJzZXRDbGFpbXMiOnsiQ2xpZW50U3RhdHVzIjoiQWN0aXZlIn0sImlzcyI6Imh0dHBzOi8vdWF0LWFwaS5haXRoZW50aWMuY29tL2FwaS92MS9sb2dpbiIsImlhdCI6MTY5ODc0MDk3NSwiZXhwIjoxNjk4NzQyMTc...</msg>
<status status="PASS" starttime="20231031 13:59:58.373" endtime="20231031 13:59:58.374"/>
</kw>
<kw name="Set Global Variable" library="BuiltIn">
<arg>${access_Token}</arg>
<doc>Makes a variable available globally in all tests and suites.</doc>
<msg timestamp="20231031 13:59:58.375" level="INFO">${access_Token} = eyJ0eXAiOiJKV1QiLCJhbGciOiJIUzI1NiJ9.eyJzZXRDbGFpbXMiOnsiQ2xpZW50U3RhdHVzIjoiQWN0aXZlIn0sImlzcyI6Imh0dHBzOi8vdWF0LWFwaS5haXRoZW50aWMuY29tL2FwaS92MS9sb2dpbiIsImlhdCI6MTY5ODc0MDk3NSwiZXhwIjoxNjk4NzQyMTc...</msg>
<status status="PASS" starttime="20231031 13:59:58.374" endtime="20231031 13:59:58.375"/>
</kw>
<kw name="Set Global Variable" library="BuiltIn">
<arg>${refresh_Token}</arg>
<doc>Makes a variable available globally in all tests and suites.</doc>
<msg timestamp="20231031 13:59:58.378" level="INFO">${refresh_Token} = eyJ0eXAiOiJKV1QiLCJhbGciOiJIUzI1NiJ9.eyJzZXRDbGFpbXMiOnsiQ2xpZW50U3RhdHVzIjoiQWN0aXZlIn0sImlzcyI6Imh0dHBzOi8vdWF0LWFwaS5haXRoZW50aWMuY29tL2FwaS92MS9sb2dpbiIsImlhdCI6MTY5ODc0MDk3NSwiZXhwIjoxNjk5MTcyOTc...</msg>
<status status="PASS" starttime="20231031 13:59:58.376" endtime="20231031 13:59:58.378"/>
</kw>
<status status="PASS" starttime="20231031 13:59:53.450" endtime="20231031 13:59:58.378"/>
</kw>
<kw name="Replace Domain" library="ReplaceDomainAPI">
<arg>${refresh_Token}</arg>
<kw name="Set Variable" library="BuiltIn">
<var>${base_url}</var>
<arg>${apiURL}/client-domains</arg>
<doc>Returns the given values which can then be assigned to a variables.</doc>
<msg timestamp="20231031 13:59:58.382" level="INFO">${base_url} = https://uat-api.aithentic.com/api/v1/client-domains</msg>
<status status="PASS" starttime="20231031 13:59:58.381" endtime="20231031 13:59:58.383"/>
</kw>
<kw name="Create Dictionary" library="BuiltIn">
<var>${headers}</var>
<arg>User-Agent=python-requests/2.31.0</arg>
<arg>Accept-Encoding=gzip, deflate</arg>
<arg>Accept=application/json</arg>
<arg>Connection=keep-alive</arg>
<arg>Content-Type=application/json</arg>
<arg>Authorization=Bearer ${option}</arg>
<arg>Content-Length=96</arg>
<doc>Creates and returns a dictionary based on the given ``items``.</doc>
<msg timestamp="20231031 13:59:58.384" level="INFO">${headers} = {'User-Agent': 'python-requests/2.31.0', 'Accept-Encoding': 'gzip, deflate', 'Accept': 'application/json', 'Connection': 'keep-alive', 'Content-Type': 'application/json', 'Authorization': 'Bearer eyJ0...</msg>
<status status="PASS" starttime="20231031 13:59:58.383" endtime="20231031 13:59:58.385"/>
</kw>
<kw name="Get Current Date" library="DateTime">
<var>${date}</var>
<arg>result_format=%Y%m%d</arg>
<doc>Returns current local or UTC time with an optional increment.</doc>
<msg timestamp="20231031 13:59:58.386" level="INFO">${date} = 20231031</msg>
<status status="PASS" starttime="20231031 13:59:58.385" endtime="20231031 13:59:58.386"/>
</kw>
<kw name="Get Current Date" library="DateTime">
<var>${time}</var>
<arg>result_format=%H%M%S</arg>
<doc>Returns current local or UTC time with an optional increment.</doc>
<msg timestamp="20231031 13:59:58.387" level="INFO">${time} = 135958</msg>
<status status="PASS" starttime="20231031 13:59:58.386" endtime="20231031 13:59:58.387"/>
</kw>
<kw name="Catenate" library="BuiltIn">
<var>${NewDomain}</var>
<arg>automationqa${date}${time}</arg>
<doc>Catenates the given items together and returns the resulted string.</doc>
<msg timestamp="20231031 13:59:58.389" level="INFO">${NewDomain} = automationqa20231031135958</msg>
<status status="PASS" starttime="20231031 13:59:58.388" endtime="20231031 13:59:58.389"/>
</kw>
<kw name="Create Dictionary" library="BuiltIn">
<var>${json_object}</var>
<arg>old=www.yopmail.net</arg>
<arg>new=www.${NewDomain}.com</arg>
<doc>Creates and returns a dictionary based on the given ``items``.</doc>
<msg timestamp="20231031 13:59:58.391" level="INFO">${json_object} = {'old': 'www.yopmail.net', 'new': 'www.automationqa20231031135958.com'}</msg>
<status status="PASS" starttime="20231031 13:59:58.390" endtime="20231031 13:59:58.391"/>
</kw>
<kw name="Create List" library="BuiltIn">
<var>${json_array}</var>
<arg>${json_object}</arg>
<doc>Returns a list containing given items.</doc>
<msg timestamp="20231031 13:59:58.392" level="INFO">${json_array} = [{'old': 'www.yopmail.net', 'new': 'www.automationqa20231031135958.com'}]</msg>
<status status="PASS" starttime="20231031 13:59:58.392" endtime="20231031 13:59:58.392"/>
</kw>
<kw name="Create Dictionary" library="BuiltIn">
<var>${json_payload}</var>
<arg>domains=${json_array}</arg>
<doc>Creates and returns a dictionary based on the given ``items``.</doc>
<msg timestamp="20231031 13:59:58.394" level="INFO">${json_payload} = {'domains': [{'old': 'www.yopmail.net', 'new': 'www.automationqa20231031135958.com'}]}</msg>
<status status="PASS" starttime="20231031 13:59:58.393" endtime="20231031 13:59:58.395"/>
</kw>
<kw name="PUT" library="RequestsLibrary">
<var>${response}</var>
<arg>url=${base_url}</arg>
<arg>json=${json_payload}</arg>
<arg>headers=${headers}</arg>
<doc>Sends a PUT request.</doc>
<msg timestamp="20231031 14:00:00.043" level="INFO">PUT Request : url=https://uat-api.aithentic.com/api/v1/client-domains 
 path_url=/api/v1/client-domains 
 headers={'User-Agent': 'python-requests/2.31.0', 'Accept-Encoding': 'gzip, deflate', 'Accept': 'application/json', 'Connection': 'keep-alive', 'Content-Type': 'application/json', 'Authorization': 'Bearer eyJ0eXAiOiJKV1QiLCJhbGciOiJIUzI1NiJ9.eyJzZXRDbGFpbXMiOnsiQ2xpZW50U3RhdHVzIjoiQWN0aXZlIn0sImlzcyI6Imh0dHBzOi8vdWF0LWFwaS5haXRoZW50aWMuY29tL2FwaS92MS9sb2dpbiIsImlhdCI6MTY5ODc0MDk3NSwiZXhwIjoxNjk5MTcyOTc1LCJuYmYiOjE2OTg3NDA5NzUsImp0aSI6IlhIVHozdWYwdlNPblkyQXYiLCJzdWIiOiI2NjMiLCJwcnYiOiJiOTEyNzk5NzhmMTFhYTdiYzU2NzA0ODdmZmYwMWUyMjgyNTNmZTQ4In0.rLYaIiH-LXln8izX_3h1TGkq6pRF36fAN-THeL-YKjM', 'Content-Length': '86'} 
 body=b'{"domains": [{"old": "www.yopmail.net", "new": "www.automationqa20231031135958.com"}]}' 
 </msg>
<msg timestamp="20231031 14:00:00.044" level="INFO">PUT Response : url=https://uat-api.aithentic.com/api/v1/client-domains 
 status=200, reason=OK 
 headers={'Date': 'Tue, 31 Oct 2023 08:29:37 GMT', 'Server': 'Apache/2.4.41 (Ubuntu)', 'Vary': 'Authorization', 'Cache-Control': 'no-cache, private', 'X-RateLimit-Limit': '500', 'X-RateLimit-Remaining': '499', 'Access-Control-Allow-Origin': '*', 'Keep-Alive': 'timeout=5, max=100', 'Connection': 'Keep-Alive', 'Transfer-Encoding': 'chunked', 'Content-Type': 'application/json'} 
 body={"status":true,"execution_time":"0.02895712852478","content_size":86,"status_code":200,"data":true,"message":"Domain updated successfully"} 
 </msg>
<msg timestamp="20231031 14:00:00.044" level="INFO">${response} = &lt;Response [200]&gt;</msg>
<status status="PASS" starttime="20231031 13:59:58.395" endtime="20231031 14:00:00.045"/>
</kw>
<kw name="Log" library="BuiltIn">
<arg>Response Status Code: ${response.status_code}</arg>
<doc>Logs the given message with the given level.</doc>
<msg timestamp="20231031 14:00:00.049" level="INFO">Response Status Code: 200</msg>
<status status="PASS" starttime="20231031 14:00:00.045" endtime="20231031 14:00:00.049"/>
</kw>
<kw name="Log" library="BuiltIn">
<arg>Response Body: ${response.text}</arg>
<doc>Logs the given message with the given level.</doc>
<msg timestamp="20231031 14:00:00.051" level="INFO">Response Body: {"status":true,"execution_time":"0.02895712852478","content_size":86,"status_code":200,"data":true,"message":"Domain updated successfully"}</msg>
<status status="PASS" starttime="20231031 14:00:00.049" endtime="20231031 14:00:00.051"/>
</kw>
<status status="PASS" starttime="20231031 13:59:58.380" endtime="20231031 14:00:00.051"/>
</kw>
<kw name="Enter First Name" library="RegistrationPage">
<kw name="Wait Until Element Is Visible" library="SeleniumLibrary">
<arg>${first_name}</arg>
<arg>60</arg>
<doc>Waits until the element ``locator`` is visible.</doc>
<status status="PASS" starttime="20231031 14:00:00.052" endtime="20231031 14:00:00.086"/>
</kw>
<kw name="Generate Random String" library="String">
<var>${random_name}</var>
<arg>4</arg>
<arg>[LETTERS]</arg>
<doc>Generates a string with a desired ``length`` from the given ``chars``.</doc>
<msg timestamp="20231031 14:00:00.087" level="INFO">${random_name} = pXMv</msg>
<status status="PASS" starttime="20231031 14:00:00.086" endtime="20231031 14:00:00.087"/>
</kw>
<kw name="Catenate" library="BuiltIn">
<var>${generated_firstname}</var>
<arg>M${random_name}</arg>
<doc>Catenates the given items together and returns the resulted string.</doc>
<msg timestamp="20231031 14:00:00.087" level="INFO">${generated_firstname} = MpXMv</msg>
<status status="PASS" starttime="20231031 14:00:00.087" endtime="20231031 14:00:00.087"/>
</kw>
<kw name="Input Text" library="SeleniumLibrary">
<arg>${first_name}</arg>
<arg>${generated_firstname}</arg>
<doc>Types the given ``text`` into the text field identified by ``locator``.</doc>
<msg timestamp="20231031 14:00:00.088" level="INFO">Typing text 'MpXMv' into text field 'css:#FirstName'.</msg>
<status status="PASS" starttime="20231031 14:00:00.088" endtime="20231031 14:00:00.281"/>
</kw>
<kw name="Log To Console" library="BuiltIn">
<arg>${generated_firstname}</arg>
<doc>Logs the given message to the console.</doc>
<status status="PASS" starttime="20231031 14:00:00.282" endtime="20231031 14:00:00.282"/>
</kw>
<kw name="Set Global Variable" library="BuiltIn">
<arg>${generated_firstname}</arg>
<doc>Makes a variable available globally in all tests and suites.</doc>
<msg timestamp="20231031 14:00:00.283" level="INFO">${generated_firstname} = MpXMv</msg>
<status status="PASS" starttime="20231031 14:00:00.283" endtime="20231031 14:00:00.284"/>
</kw>
<status status="PASS" starttime="20231031 14:00:00.051" endtime="20231031 14:00:00.284"/>
</kw>
<kw name="Enter Last Name" library="RegistrationPage">
<arg>Johar</arg>
<kw name="Wait Until Element Is Visible" library="SeleniumLibrary">
<arg>css:#LastName</arg>
<arg>60</arg>
<doc>Waits until the element ``locator`` is visible.</doc>
<status status="PASS" starttime="20231031 14:00:00.285" endtime="20231031 14:00:00.324"/>
</kw>
<kw name="Click Element" library="SeleniumLibrary">
<arg>css:#LastName</arg>
<doc>Click the element identified by ``locator``.</doc>
<msg timestamp="20231031 14:00:00.325" level="INFO">Clicking element 'css:#LastName'.</msg>
<status status="PASS" starttime="20231031 14:00:00.324" endtime="20231031 14:00:00.561"/>
</kw>
<kw name="Input Text" library="SeleniumLibrary">
<arg>css:#LastName</arg>
<arg>${name}</arg>
<doc>Types the given ``text`` into the text field identified by ``locator``.</doc>
<msg timestamp="20231031 14:00:00.563" level="INFO">Typing text 'Johar' into text field 'css:#LastName'.</msg>
<status status="PASS" starttime="20231031 14:00:00.562" endtime="20231031 14:00:00.615"/>
</kw>
<status status="PASS" starttime="20231031 14:00:00.285" endtime="20231031 14:00:00.615"/>
</kw>
<kw name="Enter Company Name" library="RegistrationPage">
<kw name="Wait Until Element Is Visible" library="SeleniumLibrary">
<arg>${c_name}</arg>
<arg>60</arg>
<doc>Waits until the element ``locator`` is visible.</doc>
<status status="PASS" starttime="20231031 14:00:00.617" endtime="20231031 14:00:00.645"/>
</kw>
<kw name="Generate Random String" library="String">
<var>${random_name}</var>
<arg>6</arg>
<arg>[LETTERS]</arg>
<doc>Generates a string with a desired ``length`` from the given ``chars``.</doc>
<msg timestamp="20231031 14:00:00.646" level="INFO">${random_name} = UcDwEl</msg>
<status status="PASS" starttime="20231031 14:00:00.645" endtime="20231031 14:00:00.646"/>
</kw>
<kw name="Catenate" library="BuiltIn">
<var>${generated_cname}</var>
<arg>${random_name}</arg>
<doc>Catenates the given items together and returns the resulted string.</doc>
<msg timestamp="20231031 14:00:00.646" level="INFO">${generated_cname} = UcDwEl</msg>
<status status="PASS" starttime="20231031 14:00:00.646" endtime="20231031 14:00:00.646"/>
</kw>
<kw name="Input Text" library="SeleniumLibrary">
<arg>${c_name}</arg>
<arg>${generated_cname}</arg>
<doc>Types the given ``text`` into the text field identified by ``locator``.</doc>
<msg timestamp="20231031 14:00:00.647" level="INFO">Typing text 'UcDwEl' into text field 'css:#companyName'.</msg>
<status status="PASS" starttime="20231031 14:00:00.646" endtime="20231031 14:00:00.710"/>
</kw>
<kw name="Log To Console" library="BuiltIn">
<arg>${generated_cname}</arg>
<doc>Logs the given message to the console.</doc>
<status status="PASS" starttime="20231031 14:00:00.710" endtime="20231031 14:00:00.711"/>
</kw>
<kw name="Set Global Variable" library="BuiltIn">
<arg>${generated_cname}</arg>
<doc>Makes a variable available globally in all tests and suites.</doc>
<msg timestamp="20231031 14:00:00.713" level="INFO">${generated_cname} = UcDwEl</msg>
<status status="PASS" starttime="20231031 14:00:00.712" endtime="20231031 14:00:00.713"/>
</kw>
<status status="PASS" starttime="20231031 14:00:00.616" endtime="20231031 14:00:00.713"/>
</kw>
<kw name="Select Member Type" library="RegistrationPage">
<arg>End User - Select this option to manage your own technology assets</arg>
<kw name="Wait Until Element Is Visible" library="SeleniumLibrary">
<arg>xpath://input[@aria-autocomplete='list']</arg>
<arg>60</arg>
<doc>Waits until the element ``locator`` is visible.</doc>
<status status="PASS" starttime="20231031 14:00:00.714" endtime="20231031 14:00:00.739"/>
</kw>
<kw name="Click Element" library="SeleniumLibrary">
<arg>xpath://input[@aria-autocomplete='list']</arg>
<doc>Click the element identified by ``locator``.</doc>
<msg timestamp="20231031 14:00:00.740" level="INFO">Clicking element 'xpath://input[@aria-autocomplete='list']'.</msg>
<status status="PASS" starttime="20231031 14:00:00.740" endtime="20231031 14:00:01.002"/>
</kw>
<kw name="Wait Until Element Is Visible" library="SeleniumLibrary">
<arg>css:span[title='${options}']</arg>
<arg>60</arg>
<doc>Waits until the element ``locator`` is visible.</doc>
<status status="PASS" starttime="20231031 14:00:01.003" endtime="20231031 14:00:01.056"/>
</kw>
<kw name="Click Element" library="SeleniumLibrary">
<arg>css:span[title='${options}']</arg>
<doc>Click the element identified by ``locator``.</doc>
<msg timestamp="20231031 14:00:01.058" level="INFO">Clicking element 'css:span[title='End User - Select this option to manage your own technology assets']'.</msg>
<status status="PASS" starttime="20231031 14:00:01.057" endtime="20231031 14:00:01.294"/>
</kw>
<status status="PASS" starttime="20231031 14:00:00.714" endtime="20231031 14:00:01.295"/>
</kw>
<kw name="Enter Business Email" library="RegistrationPage">
<kw name="Wait Until Element Is Visible" library="SeleniumLibrary">
<arg>css:#Email</arg>
<arg>60</arg>
<doc>Waits until the element ``locator`` is visible.</doc>
<status status="PASS" starttime="20231031 14:00:01.298" endtime="20231031 14:00:01.339"/>
</kw>
<kw name="Click Element" library="SeleniumLibrary">
<arg>css:#Email</arg>
<doc>Click the element identified by ``locator``.</doc>
<msg timestamp="20231031 14:00:01.340" level="INFO">Clicking element 'css:#Email'.</msg>
<status status="PASS" starttime="20231031 14:00:01.340" endtime="20231031 14:00:01.574"/>
</kw>
<kw name="Input Text" library="SeleniumLibrary">
<arg>css:#Email</arg>
<arg>${generated_firstname}@yopmail.net</arg>
<doc>Types the given ``text`` into the text field identified by ``locator``.</doc>
<msg timestamp="20231031 14:00:01.577" level="INFO">Typing text 'MpXMv@yopmail.net' into text field 'css:#Email'.</msg>
<status status="PASS" starttime="20231031 14:00:01.575" endtime="20231031 14:00:01.694"/>
</kw>
<status status="PASS" starttime="20231031 14:00:01.297" endtime="20231031 14:00:01.694"/>
</kw>
<kw name="Search Country" library="RegistrationPage">
<arg>+91</arg>
<kw name="Click Element" library="SeleniumLibrary">
<arg>css:.iti__arrow</arg>
<doc>Click the element identified by ``locator``.</doc>
<msg timestamp="20231031 14:00:01.697" level="INFO">Clicking element 'css:.iti__arrow'.</msg>
<status status="PASS" starttime="20231031 14:00:01.696" endtime="20231031 14:00:02.435"/>
</kw>
<kw name="Wait Until Element Is Visible" library="SeleniumLibrary">
<arg>css:#country-search-box</arg>
<arg>60</arg>
<doc>Waits until the element ``locator`` is visible.</doc>
<status status="PASS" starttime="20231031 14:00:02.435" endtime="20231031 14:00:02.489"/>
</kw>
<kw name="Click Element" library="SeleniumLibrary">
<arg>css:#country-search-box</arg>
<doc>Click the element identified by ``locator``.</doc>
<msg timestamp="20231031 14:00:02.491" level="INFO">Clicking element 'css:#country-search-box'.</msg>
<status status="PASS" starttime="20231031 14:00:02.490" endtime="20231031 14:00:02.768"/>
</kw>
<kw name="Input Text" library="SeleniumLibrary">
<arg>css:#country-search-box</arg>
<arg>${country}</arg>
<doc>Types the given ``text`` into the text field identified by ``locator``.</doc>
<msg timestamp="20231031 14:00:02.771" level="INFO">Typing text '+91' into text field 'css:#country-search-box'.</msg>
<status status="PASS" starttime="20231031 14:00:02.768" endtime="20231031 14:00:02.881"/>
</kw>
<kw name="Wait Until Element Is Visible" library="SeleniumLibrary">
<arg>xpath://span[contains(text(),'${country}')]</arg>
<arg>60</arg>
<doc>Waits until the element ``locator`` is visible.</doc>
<status status="PASS" starttime="20231031 14:00:02.882" endtime="20231031 14:00:02.930"/>
</kw>
<kw name="Click Element" library="SeleniumLibrary">
<arg>xpath://span[contains(text(),'${country}')]</arg>
<doc>Click the element identified by ``locator``.</doc>
<msg timestamp="20231031 14:00:02.931" level="INFO">Clicking element 'xpath://span[contains(text(),'+91')]'.</msg>
<status status="PASS" starttime="20231031 14:00:02.930" endtime="20231031 14:00:03.231"/>
</kw>
<status status="PASS" starttime="20231031 14:00:01.695" endtime="20231031 14:00:03.231"/>
</kw>
<kw name="Phone Number" library="RegistrationPage">
<arg>9463789821</arg>
<kw name="Wait Until Element Is Visible" library="SeleniumLibrary">
<arg>css:#phone</arg>
<arg>60</arg>
<doc>Waits until the element ``locator`` is visible.</doc>
<status status="PASS" starttime="20231031 14:00:03.233" endtime="20231031 14:00:03.286"/>
</kw>
<kw name="Click Element" library="SeleniumLibrary">
<arg>css:#phone</arg>
<doc>Click the element identified by ``locator``.</doc>
<msg timestamp="20231031 14:00:03.288" level="INFO">Clicking element 'css:#phone'.</msg>
<status status="PASS" starttime="20231031 14:00:03.287" endtime="20231031 14:00:03.545"/>
</kw>
<kw name="Input Text" library="SeleniumLibrary">
<arg>css:#phone</arg>
<arg>${number}</arg>
<doc>Types the given ``text`` into the text field identified by ``locator``.</doc>
<msg timestamp="20231031 14:00:03.547" level="INFO">Typing text '9463789821' into text field 'css:#phone'.</msg>
<status status="PASS" starttime="20231031 14:00:03.545" endtime="20231031 14:00:03.827"/>
</kw>
<status status="PASS" starttime="20231031 14:00:03.232" endtime="20231031 14:00:03.827"/>
</kw>
<kw name="Click Checkbox" library="RegistrationPage">
<kw name="Wait Until Element Is Visible" library="SeleniumLibrary">
<arg>css:.checkmark.theme-blue</arg>
<arg>60</arg>
<doc>Waits until the element ``locator`` is visible.</doc>
<status status="PASS" starttime="20231031 14:00:03.830" endtime="20231031 14:00:03.894"/>
</kw>
<kw name="Click Element" library="SeleniumLibrary">
<arg>css:.checkmark.theme-blue</arg>
<doc>Click the element identified by ``locator``.</doc>
<msg timestamp="20231031 14:00:03.896" level="INFO">Clicking element 'css:.checkmark.theme-blue'.</msg>
<status status="PASS" starttime="20231031 14:00:03.895" endtime="20231031 14:00:04.150"/>
</kw>
<status status="PASS" starttime="20231031 14:00:03.829" endtime="20231031 14:00:04.150"/>
</kw>
<kw name="Click on Register Button" library="RegistrationPage">
<kw name="Wait Until Element Is Visible" library="SeleniumLibrary">
<arg>css:button[type='submit']</arg>
<arg>60</arg>
<doc>Waits until the element ``locator`` is visible.</doc>
<status status="PASS" starttime="20231031 14:00:04.151" endtime="20231031 14:00:04.175"/>
</kw>
<kw name="Click Element" library="SeleniumLibrary">
<arg>css:button[type='submit']</arg>
<doc>Click the element identified by ``locator``.</doc>
<msg timestamp="20231031 14:00:04.176" level="INFO">Clicking element 'css:button[type='submit']'.</msg>
<status status="PASS" starttime="20231031 14:00:04.175" endtime="20231031 14:00:04.598"/>
</kw>
<kw name="Wait Until Location Contains" library="SeleniumLibrary">
<arg>update-email</arg>
<arg>60</arg>
<doc>Waits until the current URL contains ``expected``.</doc>
<status status="PASS" starttime="20231031 14:00:04.599" endtime="20231031 14:00:05.632"/>
</kw>
<status status="PASS" starttime="20231031 14:00:04.151" endtime="20231031 14:00:05.633"/>
</kw>
<kw name="open new tab" library="RegistrationPage">
<arg>https://yopmail.com/en/</arg>
<kw name="Execute Javascript" library="SeleniumLibrary">
<arg>window.open('', '_blank');</arg>
<doc>Executes the given JavaScript code with possible arguments.</doc>
<msg timestamp="20231031 14:00:05.640" level="INFO">Executing JavaScript:
window.open('', '_blank');
Without any arguments.</msg>
<status status="PASS" starttime="20231031 14:00:05.637" endtime="20231031 14:00:05.990"/>
</kw>
<kw name="Switch Window" library="SeleniumLibrary">
<arg>NEW</arg>
<doc>Switches to browser window matching ``locator``.</doc>
<status status="PASS" starttime="20231031 14:00:05.991" endtime="20231031 14:00:06.068"/>
</kw>
<kw name="Go To" library="SeleniumLibrary">
<arg>${option}</arg>
<doc>Navigates the current browser window to the provided ``url``.</doc>
<msg timestamp="20231031 14:00:06.069" level="INFO">Opening url 'https://yopmail.com/en/'</msg>
<status status="PASS" starttime="20231031 14:00:06.069" endtime="20231031 14:00:12.310"/>
</kw>
<status status="PASS" starttime="20231031 14:00:05.637" endtime="20231031 14:00:12.310"/>
</kw>
<kw name="Perform actions in Yopmail" library="RegistrationPage">
<kw name="Wait Until Element Is Visible" library="SeleniumLibrary">
<arg>css:#login</arg>
<arg>60</arg>
<doc>Waits until the element ``locator`` is visible.</doc>
<status status="PASS" starttime="20231031 14:00:12.318" endtime="20231031 14:00:12.394"/>
</kw>
<kw name="Click Element" library="SeleniumLibrary">
<arg>css:#login</arg>
<doc>Click the element identified by ``locator``.</doc>
<msg timestamp="20231031 14:00:12.396" level="INFO">Clicking element 'css:#login'.</msg>
<status status="PASS" starttime="20231031 14:00:12.395" endtime="20231031 14:00:12.651"/>
</kw>
<kw name="Input Text" library="SeleniumLibrary">
<arg>css:#login</arg>
<arg>${generated_firstname}@yopmail.net</arg>
<doc>Types the given ``text`` into the text field identified by ``locator``.</doc>
<msg timestamp="20231031 14:00:12.653" level="INFO">Typing text 'MpXMv@yopmail.net' into text field 'css:#login'.</msg>
<status status="PASS" starttime="20231031 14:00:12.652" endtime="20231031 14:00:12.697"/>
</kw>
<status status="PASS" starttime="20231031 14:00:12.317" endtime="20231031 14:00:12.697"/>
</kw>
<kw name="Click on arrow button" library="RegistrationPage">
<kw name="Wait Until Element Is Visible" library="SeleniumLibrary">
<arg>css:button[title='Check Inbox @yopmail.com']</arg>
<arg>60</arg>
<doc>Waits until the element ``locator`` is visible.</doc>
<status status="PASS" starttime="20231031 14:00:12.699" endtime="20231031 14:00:12.727"/>
</kw>
<kw name="Click Element" library="SeleniumLibrary">
<arg>css:button[title='Check Inbox @yopmail.com']</arg>
<doc>Click the element identified by ``locator``.</doc>
<msg timestamp="20231031 14:00:12.728" level="INFO">Clicking element 'css:button[title='Check Inbox @yopmail.com']'.</msg>
<status status="PASS" starttime="20231031 14:00:12.727" endtime="20231031 14:00:14.058"/>
</kw>
<status status="PASS" starttime="20231031 14:00:12.698" endtime="20231031 14:00:14.058"/>
</kw>
<kw name="Click on verify button" library="RegistrationPage">
<kw name="Select Frame" library="SeleniumLibrary">
<arg>css:#ifmail</arg>
<doc>Sets frame identified by ``locator`` as the current frame.</doc>
<msg timestamp="20231031 14:00:14.064" level="INFO">Selecting frame 'css:#ifmail'.</msg>
<status status="PASS" starttime="20231031 14:00:14.060" endtime="20231031 14:00:14.092"/>
</kw>
<kw name="Wait Until Element Is Visible" library="SeleniumLibrary">
<arg>xpath:/html/body/main/div/div/div/center[2]/a/button</arg>
<arg>60</arg>
<doc>Waits until the element ``locator`` is visible.</doc>
<status status="PASS" starttime="20231031 14:00:14.092" endtime="20231031 14:00:14.153"/>
</kw>
<kw name="Click Element" library="SeleniumLibrary">
<arg>xpath:/html/body/main/div/div/div/center[2]/a/button</arg>
<doc>Click the element identified by ``locator``.</doc>
<msg timestamp="20231031 14:00:14.154" level="INFO">Clicking element 'xpath:/html/body/main/div/div/div/center[2]/a/button'.</msg>
<status status="PASS" starttime="20231031 14:00:14.153" endtime="20231031 14:00:14.738"/>
</kw>
<status status="PASS" starttime="20231031 14:00:14.059" endtime="20231031 14:00:14.738"/>
</kw>
<kw name="Switch new window" library="RegistrationPage">
<kw name="Switch Window" library="SeleniumLibrary">
<arg>xpath://title[normalize-space()='aithentic | Create - Account']</arg>
<doc>Switches to browser window matching ``locator``.</doc>
<msg timestamp="20231031 14:00:15.704" level="INFO" html="true">&lt;/td&gt;&lt;/tr&gt;&lt;tr&gt;&lt;td colspan="3"&gt;&lt;a href="selenium-screenshot-2.png"&gt;&lt;img src="selenium-screenshot-2.png" width="800px"&gt;&lt;/a&gt;</msg>
<msg timestamp="20231031 14:00:15.705" level="FAIL">No window matching handle, name, title or URL 'xpath://title[normalize-space()='aithentic | Create - Account']' found.</msg>
<status status="FAIL" starttime="20231031 14:00:14.753" endtime="20231031 14:00:15.724"/>
</kw>
<status status="FAIL" starttime="20231031 14:00:14.752" endtime="20231031 14:00:15.725"/>
</kw>
<kw name="Loader" library="PartnersPage">
<status status="NOT RUN" starttime="20231031 14:00:15.726" endtime="20231031 14:00:15.726"/>
</kw>
<kw name="Set and Confirm Password" library="RegistrationPage">
<arg>Milan!@987</arg>
<status status="NOT RUN" starttime="20231031 14:00:15.728" endtime="20231031 14:00:15.729"/>
</kw>
<status status="FAIL" starttime="20231031 13:59:33.544" endtime="20231031 14:00:15.730">No window matching handle, name, title or URL 'xpath://title[normalize-space()='aithentic | Create - Account']' found.</status>
</test>
<status status="FAIL" starttime="20231031 13:59:31.797" endtime="20231031 14:00:15.736"/>
</suite>
<statistics>
<total>
<stat pass="0" fail="1" skip="0">All Tests</stat>
</total>
<tag>
</tag>
<suite>
<stat pass="0" fail="1" skip="0" id="s1" name="RegistrationPageTest">RegistrationPageTest</stat>
</suite>
</statistics>
<errors>
</errors>
</robot>
